<?xml version="1.0" encoding="UTF-8"?>
<!-- Generated by org.testng.reporters.JUnitXMLReporter -->
<testsuite ignored="1" hostname="LAPTOP-S1UUMFU4" failures="0" tests="1" name="Default test" time="2.736" errors="0" timestamp="2026-03-31T16:20:20 IST">
  <testcase classname="org.apiautomation.SampleAPI" name="createFlight" time="2.692"/>
  <testcase classname="org.apiautomation.SampleAPI" name="updateFlight" time="0.0">
    <ignored/>
  </testcase> <!-- updateFlight -->
</testsuite> <!-- Default test -->
