<?xml version="1.0" encoding="UTF-8"?>
<!-- Generated by org.testng.reporters.JUnitReportReporter -->
<testsuite hostname="LAPTOP-S1UUMFU4" failures="0" tests="2" name="org.apiautomation.SampleAPI" time="2.692" errors="0" timestamp="2026-03-31T16:20:20 IST" skipped="1">
  <testcase classname="org.apiautomation.SampleAPI" name="createFlight" time="2.692"/>
  <system-out/>
  <testcase classname="org.apiautomation.SampleAPI" name="updateFlight">
    <skipped/>
  </testcase> <!-- updateFlight -->
  <system-out/>
</testsuite> <!-- org.apiautomation.SampleAPI -->
