<?xml version="1.0" encoding="UTF-8"?>
<!-- Generated by org.testng.reporters.JUnitReportReporter -->
<testsuite hostname="LAPTOP-S1UUMFU4" failures="0" tests="2" name="org.apiautomation.SampleAPI" time="2.987" errors="0" timestamp="2026-03-30T16:16:08 IST" skipped="0">
  <testcase classname="org.apiautomation.SampleAPI" name="updateFlight" time="0.514"/>
  <system-out/>
  <testcase classname="org.apiautomation.SampleAPI" name="createFlight" time="2.473"/>
  <system-out/>
</testsuite> <!-- org.apiautomation.SampleAPI -->
